# JRE version: OpenJDK Runtime Environment Temurin-17.0.17+10 (17.0.17+10) (build 17.0.17+10)
# Java VM: OpenJDK 64-Bit Server VM Temurin-17.0.17+10 (17.0.17+10, mixed mode, sharing, tiered, compressed oops, compressed class ptrs, g1 gc, windows-amd64)
GC Precious Log:
 CPUs: 4 total, 4 available
 Memory: 10222M
 Large Page Support: Disabled
 NUMA Support: Disabled
 Compressed Oops: Enabled (32-bit)
 Heap Region Size: 1M
 Heap Min Capacity: 8M
 Heap Initial Capacity: 160M
 Heap Max Capacity: 2G
 Pre-touch: Disabled
 Parallel Workers: 4
 Concurrent Workers: 1
 Concurrent Refinement Workers: 4
 Periodic GC: Disabled
Heap:
 garbage-first heap   total 274432K, used 105177K [0x0000000080000000, 0x0000000100000000)
  region size 1024K, 1 young (1024K), 1 survivors (1024K)
 Metaspace       used 93156K, committed 94272K, reserved 557056K
  class space    used 12717K, committed 13248K, reserved 425984K
GC Heap History (20 events):
Event: 54.839 GC heap after
{Heap after GC invocations=54 (full 0):
 garbage-first heap   total 274432K, used 90580K [0x0000000080000000, 0x0000000100000000)
  region size 1024K, 1 young (1024K), 1 survivors (1024K)
 Metaspace       used 92494K, committed 93568K, reserved 557056K
  class space    used 12663K, committed 13184K, reserved 425984K
}
Event: 55.737 GC heap before
{Heap before GC invocations=54 (full 0):
 garbage-first heap   total 274432K, used 220628K [0x0000000080000000, 0x0000000100000000)
  region size 1024K, 127 young (130048K), 1 survivors (1024K)
 Metaspace       used 92840K, committed 93888K, reserved 557056K
  class space    used 12695K, committed 13184K, reserved 425984K
}
Event: 55.743 GC heap after
{Heap after GC invocations=55 (full 0):
 garbage-first heap   total 274432K, used 92672K [0x0000000080000000, 0x0000000100000000)
  region size 1024K, 2 young (2048K), 2 survivors (2048K)
 Metaspace       used 92840K, committed 93888K, reserved 557056K
  class space    used 12695K, committed 13184K, reserved 425984K
}
Event: 56.237 GC heap before
{Heap before GC invocations=55 (full 0):
 garbage-first heap   total 274432K, used 222720K [0x0000000080000000, 0x0000000100000000)
  region size 1024K, 131 young (134144K), 2 survivors (2048K)
 Metaspace       used 92878K, committed 93888K, reserved 557056K
  class space    used 12697K, committed 13184K, reserved 425984K
}
Event: 56.243 GC heap after
{Heap after GC invocations=56 (full 0):
 garbage-first heap   total 274432K, used 94264K [0x0000000080000000, 0x0000000100000000)
  region size 1024K, 4 young (4096K), 4 survivors (4096K)
 Metaspace       used 92878K, committed 93888K, reserved 557056K
  class space    used 12697K, committed 13184K, reserved 425984K
}
Event: 56.888 GC heap before
{Heap before GC invocations=56 (full 0):
 garbage-first heap   total 274432K, used 224312K [0x0000000080000000, 0x0000000100000000)
  region size 1024K, 133 young (136192K), 4 survivors (4096K)
 Metaspace       used 92910K, committed 93952K, reserved 557056K
  class space    used 12697K, committed 13184K, reserved 425984K
}
Event: 56.894 GC heap after
{Heap after GC invocations=57 (full 0):
 garbage-first heap   total 274432K, used 94231K [0x0000000080000000, 0x0000000100000000)
  region size 1024K, 5 young (5120K), 5 survivors (5120K)
 Metaspace       used 92910K, committed 93952K, reserved 557056K
  class space    used 12697K, committed 13184K, reserved 425984K
}
Event: 57.519 GC heap before
{Heap before GC invocations=58 (full 0):
 garbage-first heap   total 274432K, used 233495K [0x0000000080000000, 0x0000000100000000)
  region size 1024K, 140 young (143360K), 5 survivors (5120K)
 Metaspace       used 92963K, committed 93952K, reserved 557056K
  class space    used 12700K, committed 13184K, reserved 425984K
}
Event: 57.533 GC heap after
{Heap after GC invocations=59 (full 0):
 garbage-first heap   total 274432K, used 101165K [0x0000000080000000, 0x0000000100000000)
  region size 1024K, 11 young (11264K), 11 survivors (11264K)
 Metaspace       used 92963K, committed 93952K, reserved 557056K
  class space    used 12700K, committed 13184K, reserved 425984K
}
Event: 57.538 GC heap before
{Heap before GC invocations=59 (full 0):
 garbage-first heap   total 274432K, used 102189K [0x0000000080000000, 0x0000000100000000)
  region size 1024K, 13 young (13312K), 11 survivors (11264K)
 Metaspace       used 92963K, committed 93952K, reserved 557056K
  class space    used 12700K, committed 13184K, reserved 425984K
}
Event: 57.549 GC heap after
{Heap after GC invocations=60 (full 0):
 garbage-first heap   total 274432K, used 101971K [0x0000000080000000, 0x0000000100000000)
  region size 1024K, 2 young (2048K), 2 survivors (2048K)
 Metaspace       used 92963K, committed 93952K, reserved 557056K
  class space    used 12700K, committed 13184K, reserved 425984K
}
Event: 58.037 GC heap before
{Heap before GC invocations=60 (full 0):
 garbage-first heap   total 274432K, used 227923K [0x0000000080000000, 0x0000000100000000)
  region size 1024K, 126 young (129024K), 2 survivors (2048K)
 Metaspace       used 93056K, committed 94080K, reserved 557056K
  class space    used 12710K, committed 13184K, reserved 425984K
}
Event: 58.040 GC heap after
{Heap after GC invocations=61 (full 0):
 garbage-first heap   total 274432K, used 101978K [0x0000000080000000, 0x0000000100000000)
  region size 1024K, 2 young (2048K), 2 survivors (2048K)
 Metaspace       used 93056K, committed 94080K, reserved 557056K
  class space    used 12710K, committed 13184K, reserved 425984K
}
Event: 58.445 GC heap before
{Heap before GC invocations=61 (full 0):
 garbage-first heap   total 274432K, used 231002K [0x0000000080000000, 0x0000000100000000)
  region size 1024K, 128 young (131072K), 2 survivors (2048K)
 Metaspace       used 93127K, committed 94272K, reserved 557056K
  class space    used 12715K, committed 13248K, reserved 425984K
}
Event: 58.450 GC heap after
{Heap after GC invocations=62 (full 0):
 garbage-first heap   total 274432K, used 103001K [0x0000000080000000, 0x0000000100000000)
  region size 1024K, 3 young (3072K), 3 survivors (3072K)
 Metaspace       used 93127K, committed 94272K, reserved 557056K
  class space    used 12715K, committed 13248K, reserved 425984K
}
Event: 58.857 GC heap before
{Heap before GC invocations=62 (full 0):
 garbage-first heap   total 274432K, used 232025K [0x0000000080000000, 0x0000000100000000)
  region size 1024K, 130 young (133120K), 3 survivors (3072K)
 Metaspace       used 93136K, committed 94272K, reserved 557056K
  class space    used 12715K, committed 13248K, reserved 425984K
}
Event: 58.864 GC heap after
{Heap after GC invocations=63 (full 0):
 garbage-first heap   total 274432K, used 103936K [0x0000000080000000, 0x0000000100000000)
  region size 1024K, 4 young (4096K), 4 survivors (4096K)
 Metaspace       used 93136K, committed 94272K, reserved 557056K
  class space    used 12715K, committed 13248K, reserved 425984K
}
Event: 59.476 GC heap before
{Heap before GC invocations=64 (full 0):
 garbage-first heap   total 274432K, used 235008K [0x0000000080000000, 0x0000000100000000)
  region size 1024K, 132 young (135168K), 4 survivors (4096K)
 Metaspace       used 93155K, committed 94272K, reserved 557056K
  class space    used 12717K, committed 13248K, reserved 425984K
}
Event: 59.483 GC heap after
{Heap after GC invocations=65 (full 0):
 garbage-first heap   total 274432K, used 105099K [0x0000000080000000, 0x0000000100000000)
  region size 1024K, 5 young (5120K), 5 survivors (5120K)
 Metaspace       used 93155K, committed 94272K, reserved 557056K
  class space    used 12717K, committed 13248K, reserved 425984K
}
Event: 59.522 GC heap before
{Heap before GC invocations=65 (full 0):
 garbage-first heap   total 274432K, used 112267K [0x0000000080000000, 0x0000000100000000)
  region size 1024K, 13 young (13312K), 5 survivors (5120K)
 Metaspace       used 93156K, committed 94272K, reserved 557056K
  class space    used 12717K, committed 13248K, reserved 425984K
}

